<?xml version="1.0" encoding="UTF-8"?>
<!-- Generated by org.testng.reporters.JUnitXMLReporter -->
<testsuite hostname="PC350015" name="Default test" tests="1" failures="0" timestamp="26 Feb 2018 12:38:33 GMT" time="0.015" errors="0">
  <testcase name="AccommodationBookDirectMultiRoomOutsideCancellation" time="0.0" classname="Accomodation.Accommodation_Book_Direct_Multi_Room_Outside_Cancellation">
    <skipped/>
  </testcase> <!-- AccommodationBookDirectMultiRoomOutsideCancellation -->
</testsuite> <!-- Default test -->
